{"/home/user/positron-redmine/src/commands/action-properties.ts": {"path":"/home/user/positron-redmine/src/commands/action-properties.ts","all":true,"statementMap":{},"s":{},"branchMap":{"0":{"type":"branch","line":1,"loc":{"start":{"line":1,"column":210},"end":{"line":7,"column":1}},"locations":[{"start":{"line":1,"column":210},"end":{"line":7,"column":1}}]}},"b":{"0":[1]},"fnMap":{"0":{"name":"(empty-report)","decl":{"start":{"line":1,"column":210},"end":{"line":7,"column":1}},"loc":{"start":{"line":1,"column":210},"end":{"line":7,"column":1}},"line":1}},"f":{"0":1}}
,"/home/user/positron-redmine/src/commands/list-open-issues-assigned-to-me.ts": {"path":"/home/user/positron-redmine/src/commands/list-open-issues-assigned-to-me.ts","all":false,"statementMap":{"0":{"start":{"line":1,"column":0},"end":{"line":1,"column":33}},"1":{"start":{"line":2,"column":0},"end":{"line":2,"column":66}},"4":{"start":{"line":5,"column":0},"end":{"line":5,"column":61}},"13":{"start":{"line":14,"column":0},"end":{"line":14,"column":57}},"14":{"start":{"line":15,"column":0},"end":{"line":15,"column":99}},"15":{"start":{"line":16,"column":0},"end":{"line":16,"column":40}},"16":{"start":{"line":17,"column":0},"end":{"line":17,"column":16}},"17":{"start":{"line":18,"column":0},"end":{"line":18,"column":14}},"18":{"start":{"line":19,"column":0},"end":{"line":19,"column":16}},"19":{"start":{"line":20,"column":0},"end":{"line":20,"column":14}},"20":{"start":{"line":21,"column":0},"end":{"line":21,"column":44}},"21":{"start":{"line":22,"column":0},"end":{"line":22,"column":57}},"22":{"start":{"line":23,"column":0},"end":{"line":23,"column":5}},"23":{"start":{"line":24,"column":0},"end":{"line":24,"column":19}},"24":{"start":{"line":25,"column":0},"end":{"line":25,"column":3}},"26":{"start":{"line":27,"column":0},"end":{"line":27,"column":56}},"27":{"start":{"line":28,"column":0},"end":{"line":28,"column":49}},"29":{"start":{"line":30,"column":0},"end":{"line":30,"column":29}},"30":{"start":{"line":31,"column":0},"end":{"line":31,"column":5}},"31":{"start":{"line":32,"column":0},"end":{"line":32,"column":53}},"32":{"start":{"line":33,"column":0},"end":{"line":33,"column":6}},"33":{"start":{"line":34,"column":0},"end":{"line":34,"column":19}},"34":{"start":{"line":35,"column":0},"end":{"line":35,"column":23}},"35":{"start":{"line":36,"column":0},"end":{"line":36,"column":79}},"36":{"start":{"line":37,"column":0},"end":{"line":37,"column":9}},"37":{"start":{"line":38,"column":0},"end":{"line":38,"column":21}},"38":{"start":{"line":39,"column":0},"end":{"line":39,"column":5}},"39":{"start":{"line":40,"column":0},"end":{"line":40,"column":4}},"41":{"start":{"line":42,"column":0},"end":{"line":42,"column":7}},"42":{"start":{"line":43,"column":0},"end":{"line":43,"column":33}},"44":{"start":{"line":45,"column":0},"end":{"line":45,"column":52}},"45":{"start":{"line":46,"column":0},"end":{"line":46,"column":43}},"46":{"start":{"line":47,"column":0},"end":{"line":47,"column":6}},"48":{"start":{"line":49,"column":0},"end":{"line":49,"column":36}},"50":{"start":{"line":51,"column":0},"end":{"line":51,"column":68}},"52":{"start":{"line":53,"column":0},"end":{"line":53,"column":29}},"53":{"start":{"line":54,"column":0},"end":{"line":54,"column":19}},"54":{"start":{"line":55,"column":0},"end":{"line":55,"column":57}},"55":{"start":{"line":56,"column":0},"end":{"line":56,"column":3}},"56":{"start":{"line":57,"column":0},"end":{"line":57,"column":2}}},"s":{"0":1,"1":1,"4":1,"13":1,"14":0,"15":0,"16":0,"17":0,"18":0,"19":0,"20":0,"21":0,"22":0,"23":0,"24":0,"26":1,"27":1,"29":1,"30":1,"31":1,"32":1,"33":1,"34":1,"35":1,"36":1,"37":1,"38":1,"39":1,"41":1,"42":1,"44":1,"45":1,"46":1,"48":1,"50":0,"52":0,"53":0,"54":0,"55":0,"56":1},"branchMap":{"0":{"type":"branch","line":27,"loc":{"start":{"line":27,"column":15},"end":{"line":57,"column":2}},"locations":[{"start":{"line":27,"column":15},"end":{"line":57,"column":2}}]},"1":{"type":"branch","line":49,"loc":{"start":{"line":49,"column":29},"end":{"line":56,"column":3}},"locations":[{"start":{"line":49,"column":29},"end":{"line":56,"column":3}}]},"2":{"type":"branch","line":34,"loc":{"start":{"line":34,"column":4},"end":{"line":39,"column":5}},"locations":[{"start":{"line":34,"column":4},"end":{"line":39,"column":5}}]}},"b":{"0":[1],"1":[0],"2":[1]},"fnMap":{"0":{"name":"mapIssueToPickItem","decl":{"start":{"line":14,"column":27},"end":{"line":25,"column":3}},"loc":{"start":{"line":14,"column":27},"end":{"line":25,"column":3}},"line":14},"1":{"name":"__vite_ssr_exports__.default","decl":{"start":{"line":27,"column":15},"end":{"line":57,"column":2}},"loc":{"start":{"line":27,"column":15},"end":{"line":57,"column":2}},"line":27}},"f":{"0":0,"1":1}}
,"/home/user/positron-redmine/src/commands/set-api-key.ts": {"path":"/home/user/positron-redmine/src/commands/set-api-key.ts","all":false,"statementMap":{"0":{"start":{"line":1,"column":0},"end":{"line":1,"column":33}},"3":{"start":{"line":4,"column":0},"end":{"line":4,"column":82}},"4":{"start":{"line":5,"column":0},"end":{"line":5,"column":58}},"6":{"start":{"line":7,"column":0},"end":{"line":7,"column":52}},"7":{"start":{"line":8,"column":0},"end":{"line":8,"column":41}},"8":{"start":{"line":9,"column":0},"end":{"line":9,"column":63}},"9":{"start":{"line":10,"column":0},"end":{"line":10,"column":11}},"10":{"start":{"line":11,"column":0},"end":{"line":11,"column":3}},"12":{"start":{"line":13,"column":0},"end":{"line":13,"column":37}},"13":{"start":{"line":14,"column":0},"end":{"line":14,"column":16}},"14":{"start":{"line":15,"column":0},"end":{"line":15,"column":52}},"16":{"start":{"line":17,"column":0},"end":{"line":17,"column":22}},"18":{"start":{"line":19,"column":0},"end":{"line":19,"column":51}},"19":{"start":{"line":20,"column":0},"end":{"line":20,"column":55}},"20":{"start":{"line":21,"column":0},"end":{"line":21,"column":19}},"21":{"start":{"line":22,"column":0},"end":{"line":22,"column":31}},"22":{"start":{"line":23,"column":0},"end":{"line":23,"column":51}},"23":{"start":{"line":24,"column":0},"end":{"line":24,"column":62}},"24":{"start":{"line":25,"column":0},"end":{"line":25,"column":18}},"25":{"start":{"line":26,"column":0},"end":{"line":26,"column":5}},"26":{"start":{"line":27,"column":0},"end":{"line":27,"column":5}},"28":{"start":{"line":29,"column":0},"end":{"line":29,"column":22}},"30":{"start":{"line":31,"column":0},"end":{"line":31,"column":52}},"31":{"start":{"line":32,"column":0},"end":{"line":32,"column":85}},"32":{"start":{"line":33,"column":0},"end":{"line":33,"column":1}}},"s":{"0":1,"3":1,"4":1,"6":1,"7":1,"8":0,"9":0,"10":0,"12":1,"13":1,"14":0,"16":0,"18":1,"19":1,"20":1,"21":1,"22":0,"23":0,"24":0,"25":0,"26":1,"28":1,"30":1,"31":1,"32":1},"branchMap":{"0":{"type":"branch","line":4,"loc":{"start":{"line":4,"column":0},"end":{"line":33,"column":1}},"locations":[{"start":{"line":4,"column":0},"end":{"line":33,"column":1}}]},"1":{"type":"branch","line":8,"loc":{"start":{"line":8,"column":40},"end":{"line":11,"column":3}},"locations":[{"start":{"line":8,"column":40},"end":{"line":11,"column":3}}]},"2":{"type":"branch","line":14,"loc":{"start":{"line":14,"column":15},"end":{"line":15,"column":52}},"locations":[{"start":{"line":14,"column":15},"end":{"line":15,"column":52}}]},"3":{"type":"branch","line":15,"loc":{"start":{"line":15,"column":50},"end":{"line":17,"column":22}},"locations":[{"start":{"line":15,"column":50},"end":{"line":17,"column":22}}]},"4":{"type":"branch","line":29,"loc":{"start":{"line":29,"column":15},"end":{"line":29,"column":22}},"locations":[{"start":{"line":29,"column":15},"end":{"line":29,"column":22}}]}},"b":{"0":[1],"1":[0],"2":[0],"3":[0],"4":[0]},"fnMap":{"0":{"name":"setApiKey","decl":{"start":{"line":4,"column":0},"end":{"line":33,"column":1}},"loc":{"start":{"line":4,"column":0},"end":{"line":33,"column":1}},"line":4},"1":{"name":"validateInput","decl":{"start":{"line":22,"column":19},"end":{"line":26,"column":5}},"loc":{"start":{"line":22,"column":19},"end":{"line":26,"column":5}},"line":22}},"f":{"0":1,"1":0}}
,"/home/user/positron-redmine/src/controllers/domain.ts": {"path":"/home/user/positron-redmine/src/controllers/domain.ts","all":false,"statementMap":{"0":{"start":{"line":1,"column":0},"end":{"line":1,"column":25}},"1":{"start":{"line":2,"column":0},"end":{"line":2,"column":14}},"2":{"start":{"line":3,"column":0},"end":{"line":3,"column":31}},"3":{"start":{"line":4,"column":0},"end":{"line":4,"column":33}},"4":{"start":{"line":5,"column":0},"end":{"line":5,"column":33}},"5":{"start":{"line":6,"column":0},"end":{"line":6,"column":6}},"6":{"start":{"line":7,"column":0},"end":{"line":7,"column":1}},"8":{"start":{"line":9,"column":0},"end":{"line":9,"column":26}},"9":{"start":{"line":10,"column":0},"end":{"line":10,"column":80}},"10":{"start":{"line":11,"column":0},"end":{"line":11,"column":1}},"12":{"start":{"line":13,"column":0},"end":{"line":13,"column":26}},"13":{"start":{"line":14,"column":0},"end":{"line":14,"column":14}},"14":{"start":{"line":15,"column":0},"end":{"line":15,"column":36}},"15":{"start":{"line":16,"column":0},"end":{"line":16,"column":36}},"16":{"start":{"line":17,"column":0},"end":{"line":17,"column":41}},"17":{"start":{"line":18,"column":0},"end":{"line":18,"column":39}},"18":{"start":{"line":19,"column":0},"end":{"line":19,"column":6}},"19":{"start":{"line":20,"column":0},"end":{"line":20,"column":1}},"21":{"start":{"line":22,"column":0},"end":{"line":22,"column":32}},"22":{"start":{"line":23,"column":0},"end":{"line":23,"column":45}},"24":{"start":{"line":25,"column":0},"end":{"line":25,"column":25}},"25":{"start":{"line":26,"column":0},"end":{"line":26,"column":41}},"26":{"start":{"line":27,"column":0},"end":{"line":27,"column":3}},"28":{"start":{"line":29,"column":0},"end":{"line":29,"column":44}},"29":{"start":{"line":30,"column":0},"end":{"line":30,"column":38}},"30":{"start":{"line":31,"column":0},"end":{"line":31,"column":3}},"31":{"start":{"line":32,"column":0},"end":{"line":32,"column":1}}},"s":{"0":1,"1":1,"2":5,"3":5,"4":5,"5":5,"6":1,"8":1,"9":1,"10":1,"12":1,"13":1,"14":1,"15":1,"16":1,"17":1,"18":1,"19":1,"21":1,"22":2,"24":2,"25":2,"26":2,"28":2,"29":2,"30":2,"31":2},"branchMap":{"0":{"type":"branch","line":2,"loc":{"start":{"line":2,"column":2},"end":{"line":6,"column":6}},"locations":[{"start":{"line":2,"column":2},"end":{"line":6,"column":6}}]},"1":{"type":"branch","line":10,"loc":{"start":{"line":10,"column":2},"end":{"line":10,"column":80}},"locations":[{"start":{"line":10,"column":2},"end":{"line":10,"column":80}}]},"2":{"type":"branch","line":14,"loc":{"start":{"line":14,"column":2},"end":{"line":19,"column":6}},"locations":[{"start":{"line":14,"column":2},"end":{"line":19,"column":6}}]},"3":{"type":"branch","line":22,"loc":{"start":{"line":22,"column":31},"end":{"line":32,"column":1}},"locations":[{"start":{"line":22,"column":31},"end":{"line":32,"column":1}}]},"4":{"type":"branch","line":25,"loc":{"start":{"line":25,"column":9},"end":{"line":27,"column":3}},"locations":[{"start":{"line":25,"column":9},"end":{"line":27,"column":3}}]},"5":{"type":"branch","line":29,"loc":{"start":{"line":29,"column":9},"end":{"line":31,"column":3}},"locations":[{"start":{"line":29,"column":9},"end":{"line":31,"column":3}}]}},"b":{"0":[5],"1":[4],"2":[1],"3":[2],"4":[2],"5":[2]},"fnMap":{"0":{"name":"Membership","decl":{"start":{"line":2,"column":2},"end":{"line":6,"column":6}},"loc":{"start":{"line":2,"column":2},"end":{"line":6,"column":6}},"line":2},"1":{"name":"IssueStatus","decl":{"start":{"line":10,"column":2},"end":{"line":10,"column":80}},"loc":{"start":{"line":10,"column":2},"end":{"line":10,"column":80}},"line":10},"2":{"name":"QuickUpdate","decl":{"start":{"line":14,"column":2},"end":{"line":19,"column":6}},"loc":{"start":{"line":14,"column":2},"end":{"line":19,"column":6}},"line":14},"3":{"name":"<instance_members_initializer>","decl":{"start":{"line":22,"column":31},"end":{"line":32,"column":1}},"loc":{"start":{"line":22,"column":31},"end":{"line":32,"column":1}},"line":22},"4":{"name":"isSuccessful","decl":{"start":{"line":25,"column":9},"end":{"line":27,"column":3}},"loc":{"start":{"line":25,"column":9},"end":{"line":27,"column":3}},"line":25},"5":{"name":"addDifference","decl":{"start":{"line":29,"column":9},"end":{"line":31,"column":3}},"loc":{"start":{"line":29,"column":9},"end":{"line":31,"column":3}},"line":29}},"f":{"0":5,"1":4,"2":1,"3":2,"4":2,"5":2}}
,"/home/user/positron-redmine/src/redmine/redmine-project.ts": {"path":"/home/user/positron-redmine/src/redmine/redmine-project.ts","all":false,"statementMap":{"22":{"start":{"line":23,"column":0},"end":{"line":23,"column":29}},"23":{"start":{"line":24,"column":0},"end":{"line":24,"column":14}},"24":{"start":{"line":25,"column":0},"end":{"line":25,"column":34}},"25":{"start":{"line":26,"column":0},"end":{"line":26,"column":42}},"26":{"start":{"line":27,"column":0},"end":{"line":27,"column":6}},"28":{"start":{"line":29,"column":0},"end":{"line":29,"column":12}},"29":{"start":{"line":30,"column":0},"end":{"line":30,"column":27}},"30":{"start":{"line":31,"column":0},"end":{"line":31,"column":3}},"32":{"start":{"line":33,"column":0},"end":{"line":33,"column":16}},"33":{"start":{"line":34,"column":0},"end":{"line":34,"column":31}},"34":{"start":{"line":35,"column":0},"end":{"line":35,"column":3}},"36":{"start":{"line":37,"column":0},"end":{"line":37,"column":43}},"37":{"start":{"line":38,"column":0},"end":{"line":38,"column":12}},"38":{"start":{"line":39,"column":0},"end":{"line":39,"column":31}},"39":{"start":{"line":40,"column":0},"end":{"line":40,"column":51}},"40":{"start":{"line":41,"column":0},"end":{"line":41,"column":20}},"41":{"start":{"line":42,"column":0},"end":{"line":42,"column":18}},"42":{"start":{"line":43,"column":0},"end":{"line":43,"column":20}},"43":{"start":{"line":44,"column":0},"end":{"line":44,"column":18}},"44":{"start":{"line":45,"column":0},"end":{"line":45,"column":38}},"45":{"start":{"line":46,"column":0},"end":{"line":46,"column":42}},"46":{"start":{"line":47,"column":0},"end":{"line":47,"column":20}},"47":{"start":{"line":48,"column":0},"end":{"line":48,"column":6}},"48":{"start":{"line":49,"column":0},"end":{"line":49,"column":3}},"49":{"start":{"line":50,"column":0},"end":{"line":50,"column":1}}},"s":{"22":1,"23":1,"24":1,"25":1,"26":1,"28":1,"29":0,"30":0,"32":1,"33":0,"34":0,"36":1,"37":1,"38":1,"39":1,"40":1,"41":1,"42":1,"43":1,"44":1,"45":1,"46":1,"47":1,"48":1,"49":1},"branchMap":{"0":{"type":"branch","line":24,"loc":{"start":{"line":24,"column":2},"end":{"line":27,"column":6}},"locations":[{"start":{"line":24,"column":2},"end":{"line":27,"column":6}}]},"1":{"type":"branch","line":37,"loc":{"start":{"line":37,"column":2},"end":{"line":49,"column":3}},"locations":[{"start":{"line":37,"column":2},"end":{"line":49,"column":3}}]}},"b":{"0":[1],"1":[1]},"fnMap":{"0":{"name":"RedmineProject","decl":{"start":{"line":24,"column":2},"end":{"line":27,"column":6}},"loc":{"start":{"line":24,"column":2},"end":{"line":27,"column":6}},"line":24},"1":{"name":"get id","decl":{"start":{"line":29,"column":2},"end":{"line":31,"column":3}},"loc":{"start":{"line":29,"column":2},"end":{"line":31,"column":3}},"line":29},"2":{"name":"get parent","decl":{"start":{"line":33,"column":2},"end":{"line":35,"column":3}},"loc":{"start":{"line":33,"column":2},"end":{"line":35,"column":3}},"line":33},"3":{"name":"toQuickPickItem","decl":{"start":{"line":37,"column":2},"end":{"line":49,"column":3}},"loc":{"start":{"line":37,"column":2},"end":{"line":49,"column":3}},"line":37}},"f":{"0":1,"1":0,"2":0,"3":1}}
,"/home/user/positron-redmine/src/redmine/redmine-server.ts": {"path":"/home/user/positron-redmine/src/redmine/redmine-server.ts","all":false,"statementMap":{"0":{"start":{"line":1,"column":0},"end":{"line":1,"column":29}},"18":{"start":{"line":19,"column":0},"end":{"line":19,"column":56}},"46":{"start":{"line":47,"column":0},"end":{"line":47,"column":48}},"47":{"start":{"line":48,"column":0},"end":{"line":48,"column":31}},"48":{"start":{"line":49,"column":0},"end":{"line":49,"column":1}},"50":{"start":{"line":51,"column":0},"end":{"line":51,"column":28}},"51":{"start":{"line":52,"column":0},"end":{"line":52,"column":61}},"53":{"start":{"line":54,"column":0},"end":{"line":54,"column":65}},"55":{"start":{"line":56,"column":0},"end":{"line":56,"column":17}},"56":{"start":{"line":57,"column":0},"end":{"line":57,"column":49}},"57":{"start":{"line":58,"column":0},"end":{"line":58,"column":21}},"58":{"start":{"line":59,"column":0},"end":{"line":59,"column":21}},"59":{"start":{"line":60,"column":0},"end":{"line":60,"column":3}},"61":{"start":{"line":62,"column":0},"end":{"line":62,"column":74}},"62":{"start":{"line":63,"column":0},"end":{"line":63,"column":27}},"63":{"start":{"line":64,"column":0},"end":{"line":64,"column":64}},"64":{"start":{"line":65,"column":0},"end":{"line":65,"column":5}},"65":{"start":{"line":66,"column":0},"end":{"line":66,"column":23}},"66":{"start":{"line":67,"column":0},"end":{"line":67,"column":60}},"67":{"start":{"line":68,"column":0},"end":{"line":68,"column":5}},"68":{"start":{"line":69,"column":0},"end":{"line":69,"column":17}},"69":{"start":{"line":70,"column":0},"end":{"line":70,"column":9}},"70":{"start":{"line":71,"column":0},"end":{"line":71,"column":37}},"71":{"start":{"line":72,"column":0},"end":{"line":72,"column":13}},"72":{"start":{"line":73,"column":0},"end":{"line":73,"column":71}},"73":{"start":{"line":74,"column":0},"end":{"line":74,"column":5}},"74":{"start":{"line":75,"column":0},"end":{"line":75,"column":54}},"75":{"start":{"line":76,"column":0},"end":{"line":76,"column":67}},"76":{"start":{"line":77,"column":0},"end":{"line":77,"column":5}},"77":{"start":{"line":78,"column":0},"end":{"line":78,"column":3}},"79":{"start":{"line":80,"column":0},"end":{"line":80,"column":63}},"80":{"start":{"line":81,"column":0},"end":{"line":81,"column":20}},"81":{"start":{"line":82,"column":0},"end":{"line":82,"column":17}},"82":{"start":{"line":83,"column":0},"end":{"line":83,"column":36}},"83":{"start":{"line":84,"column":0},"end":{"line":84,"column":6}},"84":{"start":{"line":85,"column":0},"end":{"line":85,"column":8}},"85":{"start":{"line":86,"column":0},"end":{"line":86,"column":48}},"86":{"start":{"line":87,"column":0},"end":{"line":87,"column":50}},"87":{"start":{"line":88,"column":0},"end":{"line":88,"column":7}},"88":{"start":{"line":89,"column":0},"end":{"line":89,"column":42}},"89":{"start":{"line":90,"column":0},"end":{"line":90,"column":5}},"90":{"start":{"line":91,"column":0},"end":{"line":91,"column":3}},"92":{"start":{"line":93,"column":0},"end":{"line":93,"column":56}},"93":{"start":{"line":94,"column":0},"end":{"line":94,"column":34}},"94":{"start":{"line":95,"column":0},"end":{"line":95,"column":29}},"95":{"start":{"line":96,"column":0},"end":{"line":96,"column":3}},"97":{"start":{"line":98,"column":0},"end":{"line":98,"column":78}},"98":{"start":{"line":99,"column":0},"end":{"line":99,"column":77}},"99":{"start":{"line":100,"column":0},"end":{"line":100,"column":43}},"100":{"start":{"line":101,"column":0},"end":{"line":101,"column":29}},"101":{"start":{"line":102,"column":0},"end":{"line":102,"column":58}},"102":{"start":{"line":103,"column":0},"end":{"line":103,"column":16}},"103":{"start":{"line":104,"column":0},"end":{"line":104,"column":43}},"104":{"start":{"line":105,"column":0},"end":{"line":105,"column":29}},"105":{"start":{"line":106,"column":0},"end":{"line":106,"column":8}},"106":{"start":{"line":107,"column":0},"end":{"line":107,"column":45}},"107":{"start":{"line":108,"column":0},"end":{"line":108,"column":37}},"108":{"start":{"line":109,"column":0},"end":{"line":109,"column":13}},"109":{"start":{"line":110,"column":0},"end":{"line":110,"column":6}},"110":{"start":{"line":111,"column":0},"end":{"line":111,"column":34}},"111":{"start":{"line":112,"column":0},"end":{"line":112,"column":54}},"112":{"start":{"line":113,"column":0},"end":{"line":113,"column":59}},"113":{"start":{"line":114,"column":0},"end":{"line":114,"column":5}},"115":{"start":{"line":116,"column":0},"end":{"line":116,"column":45}},"116":{"start":{"line":117,"column":0},"end":{"line":117,"column":43}},"117":{"start":{"line":118,"column":0},"end":{"line":118,"column":77}},"118":{"start":{"line":119,"column":0},"end":{"line":119,"column":67}},"119":{"start":{"line":120,"column":0},"end":{"line":120,"column":8}},"121":{"start":{"line":122,"column":0},"end":{"line":122,"column":73}},"122":{"start":{"line":123,"column":0},"end":{"line":123,"column":61}},"123":{"start":{"line":124,"column":0},"end":{"line":124,"column":33}},"124":{"start":{"line":125,"column":0},"end":{"line":125,"column":17}},"125":{"start":{"line":126,"column":0},"end":{"line":126,"column":22}},"126":{"start":{"line":127,"column":0},"end":{"line":127,"column":126}},"127":{"start":{"line":128,"column":0},"end":{"line":128,"column":13}},"128":{"start":{"line":129,"column":0},"end":{"line":129,"column":12}},"129":{"start":{"line":130,"column":0},"end":{"line":130,"column":17}},"130":{"start":{"line":131,"column":0},"end":{"line":131,"column":9}},"131":{"start":{"line":132,"column":0},"end":{"line":132,"column":33}},"132":{"start":{"line":133,"column":0},"end":{"line":133,"column":17}},"133":{"start":{"line":134,"column":0},"end":{"line":134,"column":22}},"134":{"start":{"line":135,"column":0},"end":{"line":135,"column":74}},"135":{"start":{"line":136,"column":0},"end":{"line":136,"column":13}},"136":{"start":{"line":137,"column":0},"end":{"line":137,"column":12}},"137":{"start":{"line":138,"column":0},"end":{"line":138,"column":17}},"138":{"start":{"line":139,"column":0},"end":{"line":139,"column":9}},"139":{"start":{"line":140,"column":0},"end":{"line":140,"column":33}},"140":{"start":{"line":141,"column":0},"end":{"line":141,"column":54}},"141":{"start":{"line":142,"column":0},"end":{"line":142,"column":17}},"142":{"start":{"line":143,"column":0},"end":{"line":143,"column":9}},"145":{"start":{"line":146,"column":0},"end":{"line":146,"column":46}},"146":{"start":{"line":147,"column":0},"end":{"line":147,"column":64}},"147":{"start":{"line":148,"column":0},"end":{"line":148,"column":17}},"148":{"start":{"line":149,"column":0},"end":{"line":149,"column":9}},"150":{"start":{"line":151,"column":0},"end":{"line":151,"column":40}},"151":{"start":{"line":152,"column":0},"end":{"line":152,"column":15}},"152":{"start":{"line":153,"column":0},"end":{"line":153,"column":71}},"153":{"start":{"line":154,"column":0},"end":{"line":154,"column":28}},"154":{"start":{"line":155,"column":0},"end":{"line":155,"column":23}},"155":{"start":{"line":156,"column":0},"end":{"line":156,"column":76}},"156":{"start":{"line":157,"column":0},"end":{"line":157,"column":11}},"157":{"start":{"line":158,"column":0},"end":{"line":158,"column":17}},"158":{"start":{"line":159,"column":0},"end":{"line":159,"column":9}},"161":{"start":{"line":162,"column":0},"end":{"line":162,"column":40}},"162":{"start":{"line":163,"column":0},"end":{"line":163,"column":8}},"164":{"start":{"line":165,"column":0},"end":{"line":165,"column":65}},"165":{"start":{"line":166,"column":0},"end":{"line":166,"column":50}},"166":{"start":{"line":167,"column":0},"end":{"line":167,"column":48}},"167":{"start":{"line":168,"column":0},"end":{"line":168,"column":9}},"169":{"start":{"line":170,"column":0},"end":{"line":170,"column":45}},"170":{"start":{"line":171,"column":0},"end":{"line":171,"column":15}},"171":{"start":{"line":172,"column":0},"end":{"line":172,"column":77}},"172":{"start":{"line":173,"column":0},"end":{"line":173,"column":10}},"173":{"start":{"line":174,"column":0},"end":{"line":174,"column":8}},"175":{"start":{"line":176,"column":0},"end":{"line":176,"column":45}},"177":{"start":{"line":178,"column":0},"end":{"line":178,"column":30}},"178":{"start":{"line":179,"column":0},"end":{"line":179,"column":7}},"179":{"start":{"line":180,"column":0},"end":{"line":180,"column":3}},"181":{"start":{"line":182,"column":0},"end":{"line":182,"column":50}},"182":{"start":{"line":183,"column":0},"end":{"line":183,"column":23}},"183":{"start":{"line":184,"column":0},"end":{"line":184,"column":17}},"184":{"start":{"line":185,"column":0},"end":{"line":185,"column":17}},"185":{"start":{"line":186,"column":0},"end":{"line":186,"column":34}},"186":{"start":{"line":187,"column":0},"end":{"line":187,"column":40}},"187":{"start":{"line":188,"column":0},"end":{"line":188,"column":37}},"188":{"start":{"line":189,"column":0},"end":{"line":189,"column":37}},"189":{"start":{"line":190,"column":0},"end":{"line":190,"column":27}},"190":{"start":{"line":191,"column":0},"end":{"line":191,"column":7}},"192":{"start":{"line":193,"column":0},"end":{"line":193,"column":35}},"195":{"start":{"line":196,"column":0},"end":{"line":196,"column":32}},"198":{"start":{"line":199,"column":0},"end":{"line":199,"column":71}},"199":{"start":{"line":200,"column":0},"end":{"line":200,"column":40}},"200":{"start":{"line":201,"column":0},"end":{"line":201,"column":22}},"201":{"start":{"line":202,"column":0},"end":{"line":202,"column":23}},"202":{"start":{"line":203,"column":0},"end":{"line":203,"column":21}},"203":{"start":{"line":204,"column":0},"end":{"line":204,"column":40}},"204":{"start":{"line":205,"column":0},"end":{"line":205,"column":24}},"205":{"start":{"line":206,"column":0},"end":{"line":206,"column":16}},"206":{"start":{"line":207,"column":0},"end":{"line":207,"column":12}},"207":{"start":{"line":208,"column":0},"end":{"line":208,"column":9}},"208":{"start":{"line":209,"column":0},"end":{"line":209,"column":8}},"210":{"start":{"line":211,"column":0},"end":{"line":211,"column":80}},"211":{"start":{"line":212,"column":0},"end":{"line":212,"column":6}},"213":{"start":{"line":214,"column":0},"end":{"line":214,"column":17}},"214":{"start":{"line":215,"column":0},"end":{"line":215,"column":3}},"216":{"start":{"line":217,"column":0},"end":{"line":217,"column":37}},"218":{"start":{"line":219,"column":0},"end":{"line":219,"column":6}},"219":{"start":{"line":220,"column":0},"end":{"line":220,"column":35}},"220":{"start":{"line":221,"column":0},"end":{"line":221,"column":30}},"221":{"start":{"line":222,"column":0},"end":{"line":222,"column":56}},"222":{"start":{"line":223,"column":0},"end":{"line":223,"column":9}},"223":{"start":{"line":224,"column":0},"end":{"line":224,"column":5}},"224":{"start":{"line":225,"column":0},"end":{"line":225,"column":27}},"226":{"start":{"line":227,"column":0},"end":{"line":227,"column":78}},"227":{"start":{"line":228,"column":0},"end":{"line":228,"column":21}},"228":{"start":{"line":229,"column":0},"end":{"line":229,"column":66}},"229":{"start":{"line":230,"column":0},"end":{"line":230,"column":7}},"231":{"start":{"line":232,"column":0},"end":{"line":232,"column":22}},"232":{"start":{"line":233,"column":0},"end":{"line":233,"column":7}},"233":{"start":{"line":234,"column":0},"end":{"line":234,"column":3}},"235":{"start":{"line":236,"column":0},"end":{"line":236,"column":15}},"236":{"start":{"line":237,"column":0},"end":{"line":237,"column":20}},"237":{"start":{"line":238,"column":0},"end":{"line":238,"column":23}},"238":{"start":{"line":239,"column":0},"end":{"line":239,"column":18}},"239":{"start":{"line":240,"column":0},"end":{"line":240,"column":19}},"240":{"start":{"line":241,"column":0},"end":{"line":241,"column":23}},"241":{"start":{"line":242,"column":0},"end":{"line":242,"column":53}},"242":{"start":{"line":243,"column":0},"end":{"line":243,"column":27}},"243":{"start":{"line":244,"column":0},"end":{"line":244,"column":13}},"244":{"start":{"line":245,"column":0},"end":{"line":245,"column":18}},"245":{"start":{"line":246,"column":0},"end":{"line":246,"column":24}},"246":{"start":{"line":247,"column":0},"end":{"line":247,"column":34}},"247":{"start":{"line":248,"column":0},"end":{"line":248,"column":30}},"248":{"start":{"line":249,"column":0},"end":{"line":249,"column":36}},"249":{"start":{"line":250,"column":0},"end":{"line":250,"column":18}},"250":{"start":{"line":251,"column":0},"end":{"line":251,"column":30}},"251":{"start":{"line":252,"column":0},"end":{"line":252,"column":12}},"252":{"start":{"line":253,"column":0},"end":{"line":253,"column":10}},"253":{"start":{"line":254,"column":0},"end":{"line":254,"column":7}},"254":{"start":{"line":255,"column":0},"end":{"line":255,"column":6}},"255":{"start":{"line":256,"column":0},"end":{"line":256,"column":3}},"261":{"start":{"line":262,"column":0},"end":{"line":262,"column":60}},"262":{"start":{"line":263,"column":0},"end":{"line":263,"column":60}},"263":{"start":{"line":264,"column":0},"end":{"line":264,"column":3}},"268":{"start":{"line":269,"column":0},"end":{"line":269,"column":68}},"269":{"start":{"line":270,"column":0},"end":{"line":270,"column":44}},"270":{"start":{"line":271,"column":0},"end":{"line":271,"column":33}},"271":{"start":{"line":272,"column":0},"end":{"line":272,"column":12}},"272":{"start":{"line":273,"column":0},"end":{"line":273,"column":18}},"273":{"start":{"line":274,"column":0},"end":{"line":274,"column":24}},"274":{"start":{"line":275,"column":0},"end":{"line":275,"column":18}},"275":{"start":{"line":276,"column":0},"end":{"line":276,"column":32}},"276":{"start":{"line":277,"column":0},"end":{"line":277,"column":12}},"277":{"start":{"line":278,"column":0},"end":{"line":278,"column":11}},"278":{"start":{"line":279,"column":0},"end":{"line":279,"column":14}},"279":{"start":{"line":280,"column":0},"end":{"line":280,"column":7}},"280":{"start":{"line":281,"column":0},"end":{"line":281,"column":6}},"281":{"start":{"line":282,"column":0},"end":{"line":282,"column":3}},"283":{"start":{"line":284,"column":0},"end":{"line":284,"column":72}},"288":{"start":{"line":289,"column":0},"end":{"line":289,"column":73}},"289":{"start":{"line":290,"column":0},"end":{"line":290,"column":74}},"290":{"start":{"line":291,"column":0},"end":{"line":291,"column":70}},"291":{"start":{"line":292,"column":0},"end":{"line":292,"column":31}},"292":{"start":{"line":293,"column":0},"end":{"line":293,"column":13}},"293":{"start":{"line":294,"column":0},"end":{"line":294,"column":23}},"294":{"start":{"line":295,"column":0},"end":{"line":295,"column":18}},"296":{"start":{"line":297,"column":0},"end":{"line":297,"column":35}},"297":{"start":{"line":298,"column":0},"end":{"line":298,"column":9}},"299":{"start":{"line":300,"column":0},"end":{"line":300,"column":19}},"300":{"start":{"line":301,"column":0},"end":{"line":301,"column":9}},"301":{"start":{"line":302,"column":0},"end":{"line":302,"column":12}},"302":{"start":{"line":303,"column":0},"end":{"line":303,"column":49}},"303":{"start":{"line":304,"column":0},"end":{"line":304,"column":5}},"304":{"start":{"line":305,"column":0},"end":{"line":305,"column":3}},"306":{"start":{"line":307,"column":0},"end":{"line":307,"column":57}},"307":{"start":{"line":308,"column":0},"end":{"line":308,"column":51}},"308":{"start":{"line":309,"column":0},"end":{"line":309,"column":77}},"309":{"start":{"line":310,"column":0},"end":{"line":310,"column":3}},"310":{"start":{"line":311,"column":0},"end":{"line":311,"column":66}},"311":{"start":{"line":312,"column":0},"end":{"line":312,"column":54}},"313":{"start":{"line":314,"column":0},"end":{"line":314,"column":57}},"315":{"start":{"line":316,"column":0},"end":{"line":316,"column":53}},"316":{"start":{"line":317,"column":0},"end":{"line":317,"column":17}},"317":{"start":{"line":318,"column":0},"end":{"line":318,"column":48}},"318":{"start":{"line":319,"column":0},"end":{"line":319,"column":57}},"319":{"start":{"line":320,"column":0},"end":{"line":320,"column":6}},"320":{"start":{"line":321,"column":0},"end":{"line":321,"column":3}},"321":{"start":{"line":322,"column":0},"end":{"line":322,"column":80}},"322":{"start":{"line":323,"column":0},"end":{"line":323,"column":31}},"323":{"start":{"line":324,"column":0},"end":{"line":324,"column":44}},"324":{"start":{"line":325,"column":0},"end":{"line":325,"column":12}},"325":{"start":{"line":326,"column":0},"end":{"line":326,"column":18}},"326":{"start":{"line":327,"column":0},"end":{"line":327,"column":24}},"327":{"start":{"line":328,"column":0},"end":{"line":328,"column":18}},"328":{"start":{"line":329,"column":0},"end":{"line":329,"column":51}},"329":{"start":{"line":330,"column":0},"end":{"line":330,"column":52}},"330":{"start":{"line":331,"column":0},"end":{"line":331,"column":39}},"331":{"start":{"line":332,"column":0},"end":{"line":332,"column":12}},"332":{"start":{"line":333,"column":0},"end":{"line":333,"column":11}},"333":{"start":{"line":334,"column":0},"end":{"line":334,"column":14}},"334":{"start":{"line":335,"column":0},"end":{"line":335,"column":7}},"335":{"start":{"line":336,"column":0},"end":{"line":336,"column":6}},"336":{"start":{"line":337,"column":0},"end":{"line":337,"column":70}},"337":{"start":{"line":338,"column":0},"end":{"line":338,"column":37}},"338":{"start":{"line":339,"column":0},"end":{"line":339,"column":49}},"339":{"start":{"line":340,"column":0},"end":{"line":340,"column":59}},"340":{"start":{"line":341,"column":0},"end":{"line":341,"column":57}},"341":{"start":{"line":342,"column":0},"end":{"line":342,"column":5}},"342":{"start":{"line":343,"column":0},"end":{"line":343,"column":58}},"343":{"start":{"line":344,"column":0},"end":{"line":344,"column":59}},"344":{"start":{"line":345,"column":0},"end":{"line":345,"column":5}},"345":{"start":{"line":346,"column":0},"end":{"line":346,"column":24}},"346":{"start":{"line":347,"column":0},"end":{"line":347,"column":3}},"351":{"start":{"line":352,"column":0},"end":{"line":352,"column":57}},"352":{"start":{"line":353,"column":0},"end":{"line":353,"column":47}},"353":{"start":{"line":354,"column":0},"end":{"line":354,"column":54}},"354":{"start":{"line":355,"column":0},"end":{"line":355,"column":11}},"355":{"start":{"line":356,"column":0},"end":{"line":356,"column":6}},"356":{"start":{"line":357,"column":0},"end":{"line":357,"column":3}},"361":{"start":{"line":362,"column":0},"end":{"line":362,"column":26}},"362":{"start":{"line":363,"column":0},"end":{"line":363,"column":32}},"363":{"start":{"line":364,"column":0},"end":{"line":364,"column":29}},"364":{"start":{"line":365,"column":0},"end":{"line":365,"column":35}},"365":{"start":{"line":366,"column":0},"end":{"line":366,"column":29}},"366":{"start":{"line":367,"column":0},"end":{"line":367,"column":49}},"367":{"start":{"line":368,"column":0},"end":{"line":368,"column":80}},"368":{"start":{"line":369,"column":0},"end":{"line":369,"column":13}},"369":{"start":{"line":370,"column":0},"end":{"line":370,"column":8}},"370":{"start":{"line":371,"column":0},"end":{"line":371,"column":12}},"371":{"start":{"line":372,"column":0},"end":{"line":372,"column":49}},"372":{"start":{"line":373,"column":0},"end":{"line":373,"column":63}},"373":{"start":{"line":374,"column":0},"end":{"line":374,"column":13}},"374":{"start":{"line":375,"column":0},"end":{"line":375,"column":8}},"375":{"start":{"line":376,"column":0},"end":{"line":376,"column":5}},"376":{"start":{"line":377,"column":0},"end":{"line":377,"column":3}},"378":{"start":{"line":379,"column":0},"end":{"line":379,"column":33}},"379":{"start":{"line":380,"column":0},"end":{"line":380,"column":12}},"380":{"start":{"line":381,"column":0},"end":{"line":381,"column":55}},"381":{"start":{"line":382,"column":0},"end":{"line":382,"column":47}},"382":{"start":{"line":383,"column":0},"end":{"line":383,"column":77}},"383":{"start":{"line":384,"column":0},"end":{"line":384,"column":56}},"384":{"start":{"line":385,"column":0},"end":{"line":385,"column":55}},"386":{"start":{"line":387,"column":0},"end":{"line":387,"column":3}},"387":{"start":{"line":388,"column":0},"end":{"line":388,"column":1}}},"s":{"0":1,"18":1,"46":1,"47":4,"48":4,"50":1,"51":22,"53":22,"55":22,"56":15,"57":1,"58":14,"59":15,"61":22,"62":22,"63":1,"64":1,"65":22,"66":1,"67":1,"68":20,"69":20,"70":20,"71":22,"72":1,"73":1,"74":22,"75":1,"76":1,"77":22,"79":22,"80":18,"81":18,"82":18,"83":18,"84":18,"85":18,"86":18,"87":18,"88":18,"89":18,"90":18,"92":22,"93":22,"94":22,"95":22,"97":22,"98":13,"99":13,"100":13,"101":13,"102":13,"103":13,"104":13,"105":13,"106":13,"107":13,"108":13,"109":13,"110":13,"111":2,"112":2,"113":2,"115":13,"116":13,"117":13,"118":13,"119":13,"121":13,"122":13,"123":13,"124":0,"125":0,"126":0,"127":0,"128":0,"129":0,"130":0,"131":13,"132":0,"133":0,"134":0,"135":0,"136":0,"137":0,"138":0,"139":13,"140":0,"141":0,"142":0,"145":13,"146":0,"147":0,"148":0,"150":13,"151":13,"152":13,"153":13,"154":13,"155":0,"156":0,"157":13,"158":13,"161":0,"162":13,"164":13,"165":13,"166":13,"167":13,"169":13,"170":0,"171":0,"172":0,"173":0,"175":13,"177":13,"178":13,"179":13,"181":22,"182":1,"183":2,"184":2,"185":2,"186":2,"187":2,"188":2,"189":1,"190":1,"192":1,"195":1,"198":1,"199":1,"200":1,"201":1,"202":1,"203":1,"204":1,"205":1,"206":1,"207":1,"208":1,"210":1,"211":2,"213":1,"214":1,"216":22,"218":3,"219":3,"220":1,"221":1,"222":1,"223":1,"224":2,"226":2,"227":2,"228":2,"229":2,"231":2,"232":2,"233":3,"235":22,"236":1,"237":1,"238":1,"239":1,"240":1,"241":1,"242":1,"243":1,"244":1,"245":1,"246":1,"247":1,"248":1,"249":1,"250":1,"251":1,"252":1,"253":1,"254":1,"255":1,"261":22,"262":1,"263":1,"268":22,"269":1,"270":1,"271":1,"272":1,"273":1,"274":1,"275":1,"276":1,"277":1,"278":1,"279":1,"280":1,"281":1,"283":22,"288":22,"289":4,"290":3,"291":3,"292":3,"293":3,"294":3,"296":3,"297":3,"299":3,"300":3,"301":4,"302":1,"303":1,"304":4,"306":22,"307":1,"308":1,"309":1,"310":22,"311":1,"313":1,"315":1,"316":1,"317":1,"318":0,"319":1,"320":1,"321":22,"322":0,"323":0,"324":0,"325":0,"326":0,"327":0,"328":0,"329":0,"330":0,"331":0,"332":0,"333":0,"334":0,"335":0,"336":0,"337":0,"338":0,"339":0,"340":0,"341":0,"342":0,"343":0,"344":0,"345":0,"346":0,"351":22,"352":1,"353":1,"354":1,"355":1,"356":1,"361":22,"362":2,"363":2,"364":2,"365":2,"366":1,"367":1,"368":1,"369":1,"370":1,"371":1,"372":1,"373":1,"374":1,"375":1,"376":2,"378":22,"379":2,"380":2,"381":1,"382":1,"383":1,"384":1,"386":2,"387":22},"branchMap":{"0":{"type":"branch","line":47,"loc":{"start":{"line":47,"column":47},"end":{"line":49,"column":1}},"locations":[{"start":{"line":47,"column":47},"end":{"line":49,"column":1}}]},"1":{"type":"branch","line":51,"loc":{"start":{"line":51,"column":27},"end":{"line":388,"column":1}},"locations":[{"start":{"line":51,"column":27},"end":{"line":388,"column":1}}]},"2":{"type":"branch","line":56,"loc":{"start":{"line":56,"column":2},"end":{"line":60,"column":3}},"locations":[{"start":{"line":56,"column":2},"end":{"line":60,"column":3}}]},"3":{"type":"branch","line":57,"loc":{"start":{"line":57,"column":41},"end":{"line":58,"column":21}},"locations":[{"start":{"line":57,"column":41},"end":{"line":58,"column":21}}]},"4":{"type":"branch","line":58,"loc":{"start":{"line":58,"column":14},"end":{"line":59,"column":21}},"locations":[{"start":{"line":58,"column":14},"end":{"line":59,"column":21}}]},"5":{"type":"branch","line":62,"loc":{"start":{"line":62,"column":10},"end":{"line":78,"column":3}},"locations":[{"start":{"line":62,"column":10},"end":{"line":78,"column":3}}]},"6":{"type":"branch","line":63,"loc":{"start":{"line":63,"column":26},"end":{"line":65,"column":5}},"locations":[{"start":{"line":63,"column":26},"end":{"line":65,"column":5}}]},"7":{"type":"branch","line":65,"loc":{"start":{"line":65,"column":4},"end":{"line":66,"column":22}},"locations":[{"start":{"line":65,"column":4},"end":{"line":66,"column":22}}]},"8":{"type":"branch","line":66,"loc":{"start":{"line":66,"column":22},"end":{"line":68,"column":5}},"locations":[{"start":{"line":66,"column":22},"end":{"line":68,"column":5}}]},"9":{"type":"branch","line":68,"loc":{"start":{"line":68,"column":4},"end":{"line":72,"column":12}},"locations":[{"start":{"line":68,"column":4},"end":{"line":72,"column":12}}]},"10":{"type":"branch","line":72,"loc":{"start":{"line":72,"column":4},"end":{"line":74,"column":5}},"locations":[{"start":{"line":72,"column":4},"end":{"line":74,"column":5}}]},"11":{"type":"branch","line":74,"loc":{"start":{"line":74,"column":4},"end":{"line":75,"column":53}},"locations":[{"start":{"line":74,"column":4},"end":{"line":75,"column":53}}]},"12":{"type":"branch","line":75,"loc":{"start":{"line":75,"column":53},"end":{"line":77,"column":5}},"locations":[{"start":{"line":75,"column":53},"end":{"line":77,"column":5}}]},"13":{"type":"branch","line":80,"loc":{"start":{"line":80,"column":10},"end":{"line":91,"column":3}},"locations":[{"start":{"line":80,"column":10},"end":{"line":91,"column":3}}]},"14":{"type":"branch","line":93,"loc":{"start":{"line":93,"column":2},"end":{"line":96,"column":3}},"locations":[{"start":{"line":93,"column":2},"end":{"line":96,"column":3}}]},"15":{"type":"branch","line":98,"loc":{"start":{"line":98,"column":2},"end":{"line":180,"column":3}},"locations":[{"start":{"line":98,"column":2},"end":{"line":180,"column":3}}]},"16":{"type":"branch","line":102,"loc":{"start":{"line":102,"column":44},"end":{"line":102,"column":58}},"locations":[{"start":{"line":102,"column":44},"end":{"line":102,"column":58}}]},"17":{"type":"branch","line":111,"loc":{"start":{"line":111,"column":8},"end":{"line":111,"column":33}},"locations":[{"start":{"line":111,"column":8},"end":{"line":111,"column":33}}]},"18":{"type":"branch","line":111,"loc":{"start":{"line":111,"column":33},"end":{"line":114,"column":5}},"locations":[{"start":{"line":111,"column":33},"end":{"line":114,"column":5}}]},"19":{"type":"branch","line":116,"loc":{"start":{"line":116,"column":23},"end":{"line":179,"column":5}},"locations":[{"start":{"line":116,"column":23},"end":{"line":179,"column":5}}]},"20":{"type":"branch","line":118,"loc":{"start":{"line":118,"column":25},"end":{"line":120,"column":8}},"locations":[{"start":{"line":118,"column":25},"end":{"line":120,"column":8}}]},"21":{"type":"branch","line":118,"loc":{"start":{"line":118,"column":54},"end":{"line":120,"column":8}},"locations":[{"start":{"line":118,"column":54},"end":{"line":120,"column":8}}]},"22":{"type":"branch","line":122,"loc":{"start":{"line":122,"column":24},"end":{"line":163,"column":8}},"locations":[{"start":{"line":122,"column":24},"end":{"line":163,"column":8}}]},"23":{"type":"branch","line":122,"loc":{"start":{"line":122,"column":66},"end":{"line":163,"column":8}},"locations":[{"start":{"line":122,"column":66},"end":{"line":163,"column":8}}]},"24":{"type":"branch","line":124,"loc":{"start":{"line":124,"column":32},"end":{"line":131,"column":9}},"locations":[{"start":{"line":124,"column":32},"end":{"line":131,"column":9}}]},"25":{"type":"branch","line":132,"loc":{"start":{"line":132,"column":32},"end":{"line":139,"column":9}},"locations":[{"start":{"line":132,"column":32},"end":{"line":139,"column":9}}]},"26":{"type":"branch","line":140,"loc":{"start":{"line":140,"column":32},"end":{"line":143,"column":9}},"locations":[{"start":{"line":140,"column":32},"end":{"line":143,"column":9}}]},"27":{"type":"branch","line":146,"loc":{"start":{"line":146,"column":45},"end":{"line":149,"column":9}},"locations":[{"start":{"line":146,"column":45},"end":{"line":149,"column":9}}]},"28":{"type":"branch","line":155,"loc":{"start":{"line":155,"column":10},"end":{"line":157,"column":11}},"locations":[{"start":{"line":155,"column":10},"end":{"line":157,"column":11}}]},"29":{"type":"branch","line":159,"loc":{"start":{"line":159,"column":8},"end":{"line":162,"column":40}},"locations":[{"start":{"line":159,"column":8},"end":{"line":162,"column":40}}]},"30":{"type":"branch","line":165,"loc":{"start":{"line":165,"column":50},"end":{"line":168,"column":7}},"locations":[{"start":{"line":165,"column":50},"end":{"line":168,"column":7}}]},"31":{"type":"branch","line":182,"loc":{"start":{"line":182,"column":2},"end":{"line":215,"column":3}},"locations":[{"start":{"line":182,"column":2},"end":{"line":215,"column":3}}]},"32":{"type":"branch","line":183,"loc":{"start":{"line":183,"column":16},"end":{"line":212,"column":6}},"locations":[{"start":{"line":183,"column":16},"end":{"line":212,"column":6}}]},"33":{"type":"branch","line":189,"loc":{"start":{"line":189,"column":10},"end":{"line":189,"column":36}},"locations":[{"start":{"line":189,"column":10},"end":{"line":189,"column":36}}]},"34":{"type":"branch","line":189,"loc":{"start":{"line":189,"column":36},"end":{"line":211,"column":80}},"locations":[{"start":{"line":189,"column":36},"end":{"line":211,"column":80}}]},"35":{"type":"branch","line":200,"loc":{"start":{"line":200,"column":8},"end":{"line":208,"column":9}},"locations":[{"start":{"line":200,"column":8},"end":{"line":208,"column":9}}]},"36":{"type":"branch","line":203,"loc":{"start":{"line":203,"column":12},"end":{"line":206,"column":16}},"locations":[{"start":{"line":203,"column":12},"end":{"line":206,"column":16}}]},"37":{"type":"branch","line":217,"loc":{"start":{"line":217,"column":2},"end":{"line":234,"column":3}},"locations":[{"start":{"line":217,"column":2},"end":{"line":234,"column":3}}]},"38":{"type":"branch","line":220,"loc":{"start":{"line":220,"column":34},"end":{"line":224,"column":5}},"locations":[{"start":{"line":220,"column":34},"end":{"line":224,"column":5}}]},"39":{"type":"branch","line":224,"loc":{"start":{"line":224,"column":4},"end":{"line":233,"column":7}},"locations":[{"start":{"line":224,"column":4},"end":{"line":233,"column":7}}]},"40":{"type":"branch","line":227,"loc":{"start":{"line":227,"column":63},"end":{"line":233,"column":5}},"locations":[{"start":{"line":227,"column":63},"end":{"line":233,"column":5}}]},"41":{"type":"branch","line":236,"loc":{"start":{"line":236,"column":2},"end":{"line":256,"column":3}},"locations":[{"start":{"line":236,"column":2},"end":{"line":256,"column":3}}]},"42":{"type":"branch","line":262,"loc":{"start":{"line":262,"column":2},"end":{"line":264,"column":3}},"locations":[{"start":{"line":262,"column":2},"end":{"line":264,"column":3}}]},"43":{"type":"branch","line":269,"loc":{"start":{"line":269,"column":2},"end":{"line":282,"column":3}},"locations":[{"start":{"line":269,"column":2},"end":{"line":282,"column":3}}]},"44":{"type":"branch","line":289,"loc":{"start":{"line":289,"column":2},"end":{"line":305,"column":3}},"locations":[{"start":{"line":289,"column":2},"end":{"line":305,"column":3}}]},"45":{"type":"branch","line":290,"loc":{"start":{"line":290,"column":31},"end":{"line":290,"column":73}},"locations":[{"start":{"line":290,"column":31},"end":{"line":290,"column":73}}]},"46":{"type":"branch","line":290,"loc":{"start":{"line":290,"column":73},"end":{"line":302,"column":11}},"locations":[{"start":{"line":290,"column":73},"end":{"line":302,"column":11}}]},"47":{"type":"branch","line":302,"loc":{"start":{"line":302,"column":4},"end":{"line":304,"column":5}},"locations":[{"start":{"line":302,"column":4},"end":{"line":304,"column":5}}]},"48":{"type":"branch","line":294,"loc":{"start":{"line":294,"column":13},"end":{"line":301,"column":7}},"locations":[{"start":{"line":294,"column":13},"end":{"line":301,"column":7}}]},"49":{"type":"branch","line":307,"loc":{"start":{"line":307,"column":2},"end":{"line":310,"column":3}},"locations":[{"start":{"line":307,"column":2},"end":{"line":310,"column":3}}]},"50":{"type":"branch","line":309,"loc":{"start":{"line":309,"column":39},"end":{"line":309,"column":75}},"locations":[{"start":{"line":309,"column":39},"end":{"line":309,"column":75}}]},"51":{"type":"branch","line":311,"loc":{"start":{"line":311,"column":2},"end":{"line":321,"column":3}},"locations":[{"start":{"line":311,"column":2},"end":{"line":321,"column":3}}]},"52":{"type":"branch","line":316,"loc":{"start":{"line":316,"column":47},"end":{"line":319,"column":57}},"locations":[{"start":{"line":316,"column":47},"end":{"line":319,"column":57}}]},"53":{"type":"branch","line":318,"loc":{"start":{"line":318,"column":47},"end":{"line":319,"column":57}},"locations":[{"start":{"line":318,"column":47},"end":{"line":319,"column":57}}]},"54":{"type":"branch","line":352,"loc":{"start":{"line":352,"column":2},"end":{"line":357,"column":3}},"locations":[{"start":{"line":352,"column":2},"end":{"line":357,"column":3}}]},"55":{"type":"branch","line":362,"loc":{"start":{"line":362,"column":2},"end":{"line":377,"column":3}},"locations":[{"start":{"line":362,"column":2},"end":{"line":377,"column":3}}]},"56":{"type":"branch","line":366,"loc":{"start":{"line":366,"column":28},"end":{"line":376,"column":5}},"locations":[{"start":{"line":366,"column":28},"end":{"line":376,"column":5}}]},"57":{"type":"branch","line":379,"loc":{"start":{"line":379,"column":2},"end":{"line":387,"column":3}},"locations":[{"start":{"line":379,"column":2},"end":{"line":387,"column":3}}]},"58":{"type":"branch","line":381,"loc":{"start":{"line":381,"column":45},"end":{"line":382,"column":47}},"locations":[{"start":{"line":381,"column":45},"end":{"line":382,"column":47}}]},"59":{"type":"branch","line":382,"loc":{"start":{"line":382,"column":41},"end":{"line":383,"column":77}},"locations":[{"start":{"line":382,"column":41},"end":{"line":383,"column":77}}]},"60":{"type":"branch","line":383,"loc":{"start":{"line":383,"column":56},"end":{"line":385,"column":55}},"locations":[{"start":{"line":383,"column":56},"end":{"line":385,"column":55}}]}},"b":{"0":[4],"1":[22],"2":[15],"3":[1],"4":[14],"5":[22],"6":[1],"7":[21],"8":[1],"9":[20],"10":[1],"11":[19],"12":[1],"13":[18],"14":[22],"15":[13],"16":[0],"17":[2],"18":[2],"19":[13],"20":[13],"21":[13],"22":[13],"23":[13],"24":[0],"25":[0],"26":[0],"27":[0],"28":[0],"29":[0],"30":[13],"31":[1],"32":[2],"33":[1],"34":[1],"35":[1],"36":[1],"37":[3],"38":[1],"39":[2],"40":[2],"41":[1],"42":[1],"43":[1],"44":[4],"45":[1],"46":[3],"47":[1],"48":[3],"49":[1],"50":[2],"51":[1],"52":[1],"53":[0],"54":[1],"55":[2],"56":[1],"57":[2],"58":[1],"59":[1],"60":[1]},"fnMap":{"0":{"name":"<instance_members_initializer>","decl":{"start":{"line":47,"column":47},"end":{"line":49,"column":1}},"loc":{"start":{"line":47,"column":47},"end":{"line":49,"column":1}},"line":47},"1":{"name":"<instance_members_initializer>","decl":{"start":{"line":51,"column":27},"end":{"line":388,"column":1}},"loc":{"start":{"line":51,"column":27},"end":{"line":388,"column":1}},"line":51},"2":{"name":"get request","decl":{"start":{"line":56,"column":2},"end":{"line":60,"column":3}},"loc":{"start":{"line":56,"column":2},"end":{"line":60,"column":3}},"line":56},"3":{"name":"validateOptions","decl":{"start":{"line":62,"column":10},"end":{"line":78,"column":3}},"loc":{"start":{"line":62,"column":10},"end":{"line":78,"column":3}},"line":62},"4":{"name":"setOptions","decl":{"start":{"line":80,"column":10},"end":{"line":91,"column":3}},"loc":{"start":{"line":80,"column":10},"end":{"line":91,"column":3}},"line":80},"5":{"name":"RedmineServer","decl":{"start":{"line":93,"column":2},"end":{"line":96,"column":3}},"loc":{"start":{"line":93,"column":2},"end":{"line":96,"column":3}},"line":93},"6":{"name":"doRequest","decl":{"start":{"line":98,"column":2},"end":{"line":180,"column":3}},"loc":{"start":{"line":98,"column":2},"end":{"line":180,"column":3}},"line":98},"7":{"name":"handleData","decl":{"start":{"line":118,"column":25},"end":{"line":120,"column":8}},"loc":{"start":{"line":118,"column":25},"end":{"line":120,"column":8}},"line":118},"8":{"name":"handleEnd","decl":{"start":{"line":122,"column":24},"end":{"line":163,"column":8}},"loc":{"start":{"line":122,"column":24},"end":{"line":163,"column":8}},"line":122},"9":{"name":"handleError","decl":{"start":{"line":170,"column":26},"end":{"line":174,"column":8}},"loc":{"start":{"line":170,"column":26},"end":{"line":174,"column":8}},"line":170},"10":{"name":"getProjects","decl":{"start":{"line":182,"column":2},"end":{"line":215,"column":3}},"loc":{"start":{"line":182,"column":2},"end":{"line":215,"column":3}},"line":182},"11":{"name":"req","decl":{"start":{"line":183,"column":16},"end":{"line":212,"column":6}},"loc":{"start":{"line":183,"column":16},"end":{"line":212,"column":6}},"line":183},"12":{"name":"getTimeEntryActivities","decl":{"start":{"line":217,"column":2},"end":{"line":234,"column":3}},"loc":{"start":{"line":217,"column":2},"end":{"line":234,"column":3}},"line":217},"13":{"name":"addTimeEntry","decl":{"start":{"line":236,"column":2},"end":{"line":256,"column":3}},"loc":{"start":{"line":236,"column":2},"end":{"line":256,"column":3}},"line":236},"14":{"name":"getIssueById","decl":{"start":{"line":262,"column":2},"end":{"line":264,"column":3}},"loc":{"start":{"line":262,"column":2},"end":{"line":264,"column":3}},"line":262},"15":{"name":"setIssueStatus","decl":{"start":{"line":269,"column":2},"end":{"line":282,"column":3}},"loc":{"start":{"line":269,"column":2},"end":{"line":282,"column":3}},"line":269},"16":{"name":"getIssueStatuses","decl":{"start":{"line":289,"column":2},"end":{"line":305,"column":3}},"loc":{"start":{"line":289,"column":2},"end":{"line":305,"column":3}},"line":289},"17":{"name":"getIssueStatusesTyped","decl":{"start":{"line":307,"column":2},"end":{"line":310,"column":3}},"loc":{"start":{"line":307,"column":2},"end":{"line":310,"column":3}},"line":307},"18":{"name":"getMemberships","decl":{"start":{"line":311,"column":2},"end":{"line":321,"column":3}},"loc":{"start":{"line":311,"column":2},"end":{"line":321,"column":3}},"line":311},"19":{"name":"applyQuickUpdate","decl":{"start":{"line":322,"column":2},"end":{"line":347,"column":3}},"loc":{"start":{"line":322,"column":2},"end":{"line":347,"column":3}},"line":322},"20":{"name":"getIssuesAssignedToMe","decl":{"start":{"line":352,"column":2},"end":{"line":357,"column":3}},"loc":{"start":{"line":352,"column":2},"end":{"line":357,"column":3}},"line":352},"21":{"name":"getOpenIssuesForProject","decl":{"start":{"line":362,"column":2},"end":{"line":377,"column":3}},"loc":{"start":{"line":362,"column":2},"end":{"line":377,"column":3}},"line":362},"22":{"name":"compare","decl":{"start":{"line":379,"column":2},"end":{"line":387,"column":3}},"loc":{"start":{"line":379,"column":2},"end":{"line":387,"column":3}},"line":379}},"f":{"0":4,"1":22,"2":15,"3":22,"4":18,"5":22,"6":13,"7":13,"8":13,"9":0,"10":1,"11":2,"12":3,"13":1,"14":1,"15":1,"16":4,"17":1,"18":1,"19":0,"20":1,"21":2,"22":2}}
,"/home/user/positron-redmine/src/utilities/error-to-string.ts": {"path":"/home/user/positron-redmine/src/utilities/error-to-string.ts","all":false,"statementMap":{"0":{"start":{"line":1,"column":0},"end":{"line":1,"column":58}},"1":{"start":{"line":2,"column":0},"end":{"line":2,"column":15}},"2":{"start":{"line":3,"column":0},"end":{"line":3,"column":14}},"3":{"start":{"line":4,"column":0},"end":{"line":4,"column":3}},"4":{"start":{"line":5,"column":0},"end":{"line":5,"column":31}},"5":{"start":{"line":6,"column":0},"end":{"line":6,"column":25}},"6":{"start":{"line":7,"column":0},"end":{"line":7,"column":3}},"7":{"start":{"line":8,"column":0},"end":{"line":8,"column":34}},"8":{"start":{"line":9,"column":0},"end":{"line":9,"column":17}},"9":{"start":{"line":10,"column":0},"end":{"line":10,"column":3}},"10":{"start":{"line":11,"column":0},"end":{"line":11,"column":34}},"11":{"start":{"line":12,"column":0},"end":{"line":12,"column":12}},"12":{"start":{"line":13,"column":0},"end":{"line":13,"column":49}},"13":{"start":{"line":14,"column":0},"end":{"line":14,"column":63}},"15":{"start":{"line":16,"column":0},"end":{"line":16,"column":3}},"17":{"start":{"line":18,"column":0},"end":{"line":18,"column":25}},"18":{"start":{"line":19,"column":0},"end":{"line":19,"column":2}}},"s":{"0":1,"1":9,"2":3,"3":3,"4":9,"5":1,"6":1,"7":9,"8":1,"9":1,"10":9,"11":2,"12":2,"13":1,"15":2,"17":2,"18":2},"branchMap":{"0":{"type":"branch","line":1,"loc":{"start":{"line":1,"column":29},"end":{"line":19,"column":2}},"locations":[{"start":{"line":1,"column":29},"end":{"line":19,"column":2}}]},"1":{"type":"branch","line":2,"loc":{"start":{"line":2,"column":14},"end":{"line":4,"column":3}},"locations":[{"start":{"line":2,"column":14},"end":{"line":4,"column":3}}]},"2":{"type":"branch","line":4,"loc":{"start":{"line":4,"column":2},"end":{"line":5,"column":30}},"locations":[{"start":{"line":4,"column":2},"end":{"line":5,"column":30}}]},"3":{"type":"branch","line":5,"loc":{"start":{"line":5,"column":30},"end":{"line":7,"column":3}},"locations":[{"start":{"line":5,"column":30},"end":{"line":7,"column":3}}]},"4":{"type":"branch","line":7,"loc":{"start":{"line":7,"column":2},"end":{"line":8,"column":33}},"locations":[{"start":{"line":7,"column":2},"end":{"line":8,"column":33}}]},"5":{"type":"branch","line":8,"loc":{"start":{"line":8,"column":33},"end":{"line":10,"column":3}},"locations":[{"start":{"line":8,"column":33},"end":{"line":10,"column":3}}]},"6":{"type":"branch","line":10,"loc":{"start":{"line":10,"column":2},"end":{"line":11,"column":33}},"locations":[{"start":{"line":10,"column":2},"end":{"line":11,"column":33}}]},"7":{"type":"branch","line":11,"loc":{"start":{"line":11,"column":33},"end":{"line":19,"column":2}},"locations":[{"start":{"line":11,"column":33},"end":{"line":19,"column":2}}]},"8":{"type":"branch","line":13,"loc":{"start":{"line":13,"column":39},"end":{"line":14,"column":63}},"locations":[{"start":{"line":13,"column":39},"end":{"line":14,"column":63}}]},"9":{"type":"branch","line":14,"loc":{"start":{"line":14,"column":49},"end":{"line":14,"column":60}},"locations":[{"start":{"line":14,"column":49},"end":{"line":14,"column":60}}]}},"b":{"0":[9],"1":[3],"2":[6],"3":[1],"4":[5],"5":[1],"6":[4],"7":[2],"8":[1],"9":[0]},"fnMap":{"0":{"name":"errorToString","decl":{"start":{"line":1,"column":29},"end":{"line":19,"column":2}},"loc":{"start":{"line":1,"column":29},"end":{"line":19,"column":2}},"line":1}},"f":{"0":9}}
,"/home/user/positron-redmine/src/utilities/secret-manager.ts": {"path":"/home/user/positron-redmine/src/utilities/secret-manager.ts","all":false,"statementMap":{"2":{"start":{"line":3,"column":0},"end":{"line":3,"column":35}},"3":{"start":{"line":4,"column":0},"end":{"line":4,"column":58}},"5":{"start":{"line":6,"column":0},"end":{"line":6,"column":66}},"6":{"start":{"line":7,"column":0},"end":{"line":7,"column":70}},"7":{"start":{"line":8,"column":0},"end":{"line":8,"column":44}},"8":{"start":{"line":9,"column":0},"end":{"line":9,"column":3}},"10":{"start":{"line":11,"column":0},"end":{"line":11,"column":71}},"11":{"start":{"line":12,"column":0},"end":{"line":12,"column":51}},"12":{"start":{"line":13,"column":0},"end":{"line":13,"column":9}},"13":{"start":{"line":14,"column":0},"end":{"line":14,"column":49}},"14":{"start":{"line":15,"column":0},"end":{"line":15,"column":19}},"15":{"start":{"line":16,"column":0},"end":{"line":16,"column":56}},"16":{"start":{"line":17,"column":0},"end":{"line":17,"column":23}},"17":{"start":{"line":18,"column":0},"end":{"line":18,"column":5}},"18":{"start":{"line":19,"column":0},"end":{"line":19,"column":3}},"20":{"start":{"line":21,"column":0},"end":{"line":21,"column":73}},"21":{"start":{"line":22,"column":0},"end":{"line":22,"column":51}},"22":{"start":{"line":23,"column":0},"end":{"line":23,"column":50}},"23":{"start":{"line":24,"column":0},"end":{"line":24,"column":3}},"25":{"start":{"line":26,"column":0},"end":{"line":26,"column":60}},"26":{"start":{"line":27,"column":0},"end":{"line":27,"column":51}},"27":{"start":{"line":28,"column":0},"end":{"line":28,"column":43}},"28":{"start":{"line":29,"column":0},"end":{"line":29,"column":3}},"30":{"start":{"line":31,"column":0},"end":{"line":31,"column":71}},"31":{"start":{"line":32,"column":0},"end":{"line":32,"column":56}},"32":{"start":{"line":33,"column":0},"end":{"line":33,"column":45}},"33":{"start":{"line":34,"column":0},"end":{"line":34,"column":28}},"34":{"start":{"line":35,"column":0},"end":{"line":35,"column":7}},"35":{"start":{"line":36,"column":0},"end":{"line":36,"column":7}},"36":{"start":{"line":37,"column":0},"end":{"line":37,"column":3}},"37":{"start":{"line":38,"column":0},"end":{"line":38,"column":1}}},"s":{"2":1,"3":1,"5":1,"6":3,"7":3,"8":3,"10":1,"11":1,"12":1,"13":1,"14":1,"15":0,"16":0,"17":0,"18":1,"20":1,"21":2,"22":2,"23":2,"25":1,"26":0,"27":0,"28":0,"30":1,"31":0,"32":0,"33":0,"34":0,"35":0,"36":0,"37":1},"branchMap":{"0":{"type":"branch","line":4,"loc":{"start":{"line":4,"column":2},"end":{"line":4,"column":58}},"locations":[{"start":{"line":4,"column":2},"end":{"line":4,"column":58}}]},"1":{"type":"branch","line":6,"loc":{"start":{"line":6,"column":10},"end":{"line":9,"column":3}},"locations":[{"start":{"line":6,"column":10},"end":{"line":9,"column":3}}]},"2":{"type":"branch","line":11,"loc":{"start":{"line":11,"column":2},"end":{"line":19,"column":3}},"locations":[{"start":{"line":11,"column":2},"end":{"line":19,"column":3}}]},"3":{"type":"branch","line":15,"loc":{"start":{"line":15,"column":4},"end":{"line":18,"column":5}},"locations":[{"start":{"line":15,"column":4},"end":{"line":18,"column":5}}]},"4":{"type":"branch","line":21,"loc":{"start":{"line":21,"column":2},"end":{"line":24,"column":3}},"locations":[{"start":{"line":21,"column":2},"end":{"line":24,"column":3}}]}},"b":{"0":[3],"1":[3],"2":[1],"3":[0],"4":[2]},"fnMap":{"0":{"name":"RedmineSecretManager","decl":{"start":{"line":4,"column":2},"end":{"line":4,"column":58}},"loc":{"start":{"line":4,"column":2},"end":{"line":4,"column":58}},"line":4},"1":{"name":"buildKey","decl":{"start":{"line":6,"column":10},"end":{"line":9,"column":3}},"loc":{"start":{"line":6,"column":10},"end":{"line":9,"column":3}},"line":6},"2":{"name":"getApiKey","decl":{"start":{"line":11,"column":2},"end":{"line":19,"column":3}},"loc":{"start":{"line":11,"column":2},"end":{"line":19,"column":3}},"line":11},"3":{"name":"setApiKey","decl":{"start":{"line":21,"column":2},"end":{"line":24,"column":3}},"loc":{"start":{"line":21,"column":2},"end":{"line":24,"column":3}},"line":21},"4":{"name":"deleteApiKey","decl":{"start":{"line":26,"column":2},"end":{"line":29,"column":3}},"loc":{"start":{"line":26,"column":2},"end":{"line":29,"column":3}},"line":26},"5":{"name":"onSecretChanged","decl":{"start":{"line":31,"column":2},"end":{"line":37,"column":3}},"loc":{"start":{"line":31,"column":2},"end":{"line":37,"column":3}},"line":31}},"f":{"0":3,"1":3,"2":1,"3":2,"4":0,"5":0}}
}
